info @storybook/react v6.0.28
info 
info clean outputDir..
info => Copying static files from: public
info => Copying prebuild dll's..
info => Building manager..
info => Loading manager config..
info => Loading presets
WARN   Failed to load preset: {"name":"@storybook/addon-storyshots","type":"presets"} on level 1
ERR! ReferenceError: afterAll is not defined
ERR!     at Object.<anonymous> (/Users/camila_niero_costa_coder/Desktop/design-system-sample-app/node_modules/jest-specific-snapshot/dist/index.js:33:1)
ERR!     at Module._compile (internal/modules/cjs/loader.js:1138:30)
ERR!     at Object.Module._extensions..js (internal/modules/cjs/loader.js:1158:10)
ERR!     at Module.load (internal/modules/cjs/loader.js:986:32)
ERR!     at Function.Module._load (internal/modules/cjs/loader.js:879:14)
ERR!     at Module.require (internal/modules/cjs/loader.js:1026:19)
ERR!     at require (internal/modules/cjs/helpers.js:72:18)
ERR!     at Object.<anonymous> (/Users/camila_niero_costa_coder/Desktop/design-system-sample-app/node_modules/@storybook/addon-storyshots/dist/test-bodies.js:4:1)
ERR!     at Module._compile (internal/modules/cjs/loader.js:1138:30)
ERR!     at Object.Module._extensions..js (internal/modules/cjs/loader.js:1158:10)
ERR!     at Module.load (internal/modules/cjs/loader.js:986:32)
ERR!     at Function.Module._load (internal/modules/cjs/loader.js:879:14)
ERR!     at Module.require (internal/modules/cjs/loader.js:1026:19)
ERR!     at require (internal/modules/cjs/helpers.js:72:18)
ERR!     at Object.<anonymous> (/Users/camila_niero_costa_coder/Desktop/design-system-sample-app/node_modules/@storybook/addon-storyshots/dist/api/ensureOptionsDefaults.js:21:21)
ERR!     at Module._compile (internal/modules/cjs/loader.js:1138:30)
ERR!  ReferenceError: afterAll is not defined
ERR!     at Object.<anonymous> (/Users/camila_niero_costa_coder/Desktop/design-system-sample-app/node_modules/jest-specific-snapshot/dist/index.js:33:1)
ERR!     at Module._compile (internal/modules/cjs/loader.js:1138:30)
ERR!     at Object.Module._extensions..js (internal/modules/cjs/loader.js:1158:10)
ERR!     at Module.load (internal/modules/cjs/loader.js:986:32)
ERR!     at Function.Module._load (internal/modules/cjs/loader.js:879:14)
ERR!     at Module.require (internal/modules/cjs/loader.js:1026:19)
ERR!     at require (internal/modules/cjs/helpers.js:72:18)
ERR!     at Object.<anonymous> (/Users/camila_niero_costa_coder/Desktop/design-system-sample-app/node_modules/@storybook/addon-storyshots/dist/test-bodies.js:4:1)
ERR!     at Module._compile (internal/modules/cjs/loader.js:1138:30)
ERR!     at Object.Module._extensions..js (internal/modules/cjs/loader.js:1158:10)
ERR!     at Module.load (internal/modules/cjs/loader.js:986:32)
ERR!     at Function.Module._load (internal/modules/cjs/loader.js:879:14)
ERR!     at Module.require (internal/modules/cjs/loader.js:1026:19)
ERR!     at require (internal/modules/cjs/helpers.js:72:18)
ERR!     at Object.<anonymous> (/Users/camila_niero_costa_coder/Desktop/design-system-sample-app/node_modules/@storybook/addon-storyshots/dist/api/ensureOptionsDefaults.js:21:21)
ERR!     at Module._compile (internal/modules/cjs/loader.js:1138:30)
info => Compiling manager..
info => manager built (7.52 s)
info => Building preview..
info => Loading preview config..
info => Loading presets
WARN   Failed to load preset: {"name":"@storybook/addon-storyshots","type":"presets"} on level 1
ERR! ReferenceError: afterAll is not defined
ERR!     at Object.<anonymous> (/Users/camila_niero_costa_coder/Desktop/design-system-sample-app/node_modules/jest-specific-snapshot/dist/index.js:33:1)
ERR!     at Module._compile (internal/modules/cjs/loader.js:1138:30)
ERR!     at Object.Module._extensions..js (internal/modules/cjs/loader.js:1158:10)
ERR!     at Module.load (internal/modules/cjs/loader.js:986:32)
ERR!     at Function.Module._load (internal/modules/cjs/loader.js:879:14)
ERR!     at Module.require (internal/modules/cjs/loader.js:1026:19)
ERR!     at require (internal/modules/cjs/helpers.js:72:18)
ERR!     at Object.<anonymous> (/Users/camila_niero_costa_coder/Desktop/design-system-sample-app/node_modules/@storybook/addon-storyshots/dist/test-bodies.js:4:1)
ERR!     at Module._compile (internal/modules/cjs/loader.js:1138:30)
ERR!     at Object.Module._extensions..js (internal/modules/cjs/loader.js:1158:10)
ERR!     at Module.load (internal/modules/cjs/loader.js:986:32)
ERR!     at Function.Module._load (internal/modules/cjs/loader.js:879:14)
ERR!     at Module.require (internal/modules/cjs/loader.js:1026:19)
ERR!     at require (internal/modules/cjs/helpers.js:72:18)
ERR!     at Object.<anonymous> (/Users/camila_niero_costa_coder/Desktop/design-system-sample-app/node_modules/@storybook/addon-storyshots/dist/api/ensureOptionsDefaults.js:21:21)
ERR!     at Module._compile (internal/modules/cjs/loader.js:1138:30)
ERR!  ReferenceError: afterAll is not defined
ERR!     at Object.<anonymous> (/Users/camila_niero_costa_coder/Desktop/design-system-sample-app/node_modules/jest-specific-snapshot/dist/index.js:33:1)
ERR!     at Module._compile (internal/modules/cjs/loader.js:1138:30)
ERR!     at Object.Module._extensions..js (internal/modules/cjs/loader.js:1158:10)
ERR!     at Module.load (internal/modules/cjs/loader.js:986:32)
ERR!     at Function.Module._load (internal/modules/cjs/loader.js:879:14)
ERR!     at Module.require (internal/modules/cjs/loader.js:1026:19)
ERR!     at require (internal/modules/cjs/helpers.js:72:18)
ERR!     at Object.<anonymous> (/Users/camila_niero_costa_coder/Desktop/design-system-sample-app/node_modules/@storybook/addon-storyshots/dist/test-bodies.js:4:1)
ERR!     at Module._compile (internal/modules/cjs/loader.js:1138:30)
ERR!     at Object.Module._extensions..js (internal/modules/cjs/loader.js:1158:10)
ERR!     at Module.load (internal/modules/cjs/loader.js:986:32)
ERR!     at Function.Module._load (internal/modules/cjs/loader.js:879:14)
ERR!     at Module.require (internal/modules/cjs/loader.js:1026:19)
ERR!     at require (internal/modules/cjs/helpers.js:72:18)
ERR!     at Object.<anonymous> (/Users/camila_niero_costa_coder/Desktop/design-system-sample-app/node_modules/@storybook/addon-storyshots/dist/api/ensureOptionsDefaults.js:21:21)
ERR!     at Module._compile (internal/modules/cjs/loader.js:1138:30)
info => Loading config/preview file in "./.storybook".
info => Loading config/preview file in "./.storybook".
info => Adding stories defined in ".storybook/main.js".
info => Loading Webpack configuration from `node_modules/react-scripts`
info => Removing existing JavaScript and TypeScript rules.
info => Modifying Create React App rules.
info => Using default Webpack setup.
info => Compiling preview..
<s> [webpack.Progress] 0% compiling
<s> [webpack.Progress] 10% building 0/0 modules 0 active 
<s> [webpack.Progress] 10% building 0/1 modules 1 active multi /Users/camila_niero_costa_coder/Desktop/design-system-sample-app/node_modules/@storybook/core/dist/server/common/polyfills.js /Users/camila_niero_costa_coder/Desktop/design-system-sample-app/node_modules/@storybook/core/dist/server/preview/globals.js /Users/camila_niero_costa_coder/Desktop/design-system-sample-app/.storybook/storybook-init-framework-entry.js /Users/camila_niero_costa_coder/Desktop/design-system-sample-app/node_modules/@storybook/addon-docs/dist/frameworks/common/config.js-generated-other-entry.js /Users/camila_niero_costa_coder/Desktop/design-system-sample-app/node_modules/@storybook/addon-docs/dist/frameworks/react/config.js-generated-other-entry.js /Users/camila_niero_costa_coder/Desktop/design-system-sample-app/node_modules/@storybook/addon-links/dist/preset/addDecorator.js-generated-other-entry.js /Users/camila_niero_costa_coder/Desktop/design-system-sample-app/node_modules/@storybook/addon-actions/dist/preset/addDecorator.js-generated-other-entry.js /Users/camila_niero_costa_coder/Desktop/design-system-sample-app/node_modules/@storybook/addon-actions/dist/preset/addArgs.js-generated-other-entry.js /Users/camila_niero_costa_coder/Desktop/design-system-sample-app/node_modules/@storybook/addon-backgrounds/dist/preset/defaultParameters.js-generated-other-entry.js /Users/camila_niero_costa_coder/Desktop/design-system-sample-app/node_modules/@storybook/addon-a11y/dist/a11yRunner.js-generated-other-entry.js /Users/camila_niero_costa_coder/Desktop/design-system-sample-app/node_modules/@storybook/addon-a11y/dist/a11yHighlight.js-generated-other-entry.js /Users/camila_niero_costa_coder/Desktop/design-system-sample-app/.storybook/preview.js-generated-config-entry.js /Users/camila_niero_costa_coder/Desktop/design-system-sample-app/.storybook/generated-stories-entry.js
<s> [webpack.Progress] 10% building 1/1 modules 0 active 
<s> [webpack.Progress] 10% building 1/2 modules 1 active /Users/camila_niero_costa_coder/Desktop/design-system-sample-app/node_modules/@storybook/addon-a11y/dist/a11yRunner.js-generated-other-entry.js
<s> [webpack.Progress] 10% building 1/3 modules 2 active /Users/camila_niero_costa_coder/Desktop/design-system-sample-app/node_modules/@storybook/addon-a11y/dist/a11yHighlight.js-generated-other-entry.js
<s> [webpack.Progress] 10% building 1/4 modules 3 active /Users/camila_niero_costa_coder/Desktop/design-system-sample-app/node_modules/@storybook/addon-links/dist/preset/addDecorator.js-generated-other-entry.js
<s> [webpack.Progress] 10% building 1/5 modules 4 active /Users/camila_niero_costa_coder/Desktop/design-system-sample-app/node_modules/@storybook/addon-actions/dist/preset/addDecorator.js-generated-other-entry.js
<s> [webpack.Progress] 10% building 1/6 modules 5 active /Users/camila_niero_costa_coder/Desktop/design-system-sample-app/node_modules/@storybook/addon-actions/dist/preset/addArgs.js-generated-other-entry.js
<s> [webpack.Progress] 10% building 1/7 modules 6 active /Users/camila_niero_costa_coder/Desktop/design-system-sample-app/node_modules/@storybook/addon-backgrounds/dist/preset/defaultParameters.js-generated-other-entry.js
<s> [webpack.Progress] 10% building 1/8 modules 7 active /Users/camila_niero_costa_coder/Desktop/design-system-sample-app/node_modules/@storybook/addon-docs/dist/frameworks/common/config.js-generated-other-entry.js
<s> [webpack.Progress] 10% building 1/9 modules 8 active /Users/camila_niero_costa_coder/Desktop/design-system-sample-app/node_modules/@storybook/addon-docs/dist/frameworks/react/config.js-generated-other-entry.js
<s> [webpack.Progress] 10% building 2/9 modules 7 active /Users/camila_niero_costa_coder/Desktop/design-system-sample-app/node_modules/@storybook/addon-docs/dist/frameworks/react/config.js-generated-other-entry.js
<s> [webpack.Progress] 10% building 3/9 modules 6 active /Users/camila_niero_costa_coder/Desktop/design-system-sample-app/node_modules/@storybook/addon-docs/dist/frameworks/react/config.js-generated-other-entry.js
<s> [webpack.Progress] 10% building 4/9 modules 5 active /Users/camila_niero_costa_coder/Desktop/design-system-sample-app/node_modules/@storybook/addon-docs/dist/frameworks/react/config.js-generated-other-entry.js
<s> [webpack.Progress] 10% building 5/9 modules 4 active /Users/camila_niero_costa_coder/Desktop/design-system-sample-app/node_modules/@storybook/addon-docs/dist/frameworks/react/config.js-generated-other-entry.js
<s> [webpack.Progress] 10% building 6/9 modules 3 active /Users/camila_niero_costa_coder/Desktop/design-system-sample-app/node_modules/@storybook/addon-docs/dist/frameworks/react/config.js-generated-other-entry.js
<s> [webpack.Progress] 10% building 7/9 modules 2 active /Users/camila_niero_costa_coder/Desktop/design-system-sample-app/node_modules/@storybook/addon-docs/dist/frameworks/react/config.js-generated-other-entry.js
<s> [webpack.Progress] 10% building 8/9 modules 1 active /Users/camila_niero_costa_coder/Desktop/design-system-sample-app/node_modules/@storybook/addon-docs/dist/frameworks/react/config.js-generated-other-entry.js
<s> [webpack.Progress] 11% building 9/9 modules 0 active 
<s> [webpack.Progress] 11% building 9/10 modules 1 active /Users/camila_niero_costa_coder/Desktop/design-system-sample-app/node_modules/@storybook/core/dist/server/common/polyfills.js
<s> [webpack.Progress] 11% building 9/11 modules 2 active /Users/camila_niero_costa_coder/Desktop/design-system-sample-app/node_modules/@storybook/core/dist/server/preview/globals.js
<s> [webpack.Progress] 11% building 9/12 modules 3 active /Users/camila_niero_costa_coder/Desktop/design-system-sample-app/node_modules/@storybook/addon-a11y/dist/a11yRunner.js
<s> [webpack.Progress] 11% building 9/13 modules 4 active /Users/camila_niero_costa_coder/Desktop/design-system-sample-app/node_modules/@storybook/addon-a11y/dist/a11yHighlight.js
<s> [webpack.Progress] 11% building 9/14 modules 5 active /Users/camila_niero_costa_coder/Desktop/design-system-sample-app/node_modules/@storybook/addon-links/dist/preset/addDecorator.js
<s> [webpack.Progress] 11% building 9/15 modules 6 active /Users/camila_niero_costa_coder/Desktop/design-system-sample-app/node_modules/@storybook/addon-actions/dist/preset/addDecorator.js
<s> [webpack.Progress] 11% building 9/16 modules 7 active /Users/camila_niero_costa_coder/Desktop/design-system-sample-app/node_modules/@storybook/addon-actions/dist/preset/addArgs.js
<s> [webpack.Progress] 11% building 9/17 modules 8 active /Users/camila_niero_costa_coder/Desktop/design-system-sample-app/node_modules/@storybook/addon-backgrounds/dist/preset/defaultParameters.js
<s> [webpack.Progress] 11% building 9/18 modules 9 active /Users/camila_niero_costa_coder/Desktop/design-system-sample-app/node_modules/@storybook/addon-docs/dist/frameworks/common/config.js
<s> [webpack.Progress] 11% building 9/19 modules 10 active /Users/camila_niero_costa_coder/Desktop/design-system-sample-app/node_modules/@storybook/addon-docs/dist/frameworks/react/config.js
<s> [webpack.Progress] 11% building 10/19 modules 9 active /Users/camila_niero_costa_coder/Desktop/design-system-sample-app/node_modules/@storybook/addon-docs/dist/frameworks/react/config.js
<s> [webpack.Progress] 11% building 11/19 modules 8 active /Users/camila_niero_costa_coder/Desktop/design-system-sample-app/node_modules/@storybook/addon-docs/dist/frameworks/react/config.js
<s> [webpack.Progress] 11% building 12/19 modules 7 active /Users/camila_niero_costa_coder/Desktop/design-system-sample-app/node_modules/@storybook/addon-docs/dist/frameworks/react/config.js
<s> [webpack.Progress] 11% building 13/19 modules 6 active /Users/camila_niero_costa_coder/Desktop/design-system-sample-app/node_modules/@storybook/addon-docs/dist/frameworks/react/config.js
<s> [webpack.Progress] 11% building 14/19 modules 5 active /Users/camila_niero_costa_coder/Desktop/design-system-sample-app/node_modules/@storybook/addon-docs/dist/frameworks/react/config.js
<s> [webpack.Progress] 11% building 15/19 modules 4 active /Users/camila_niero_costa_coder/Desktop/design-system-sample-app/node_modules/@storybook/addon-docs/dist/frameworks/react/config.js
<s> [webpack.Progress] 11% building 16/19 modules 3 active /Users/camila_niero_costa_coder/Desktop/design-system-sample-app/node_modules/@storybook/addon-docs/dist/frameworks/react/config.js
<s> [webpack.Progress] 12% building 17/19 modules 2 active /Users/camila_niero_costa_coder/Desktop/design-system-sample-app/node_modules/@storybook/addon-docs/dist/frameworks/react/config.js
<s> [webpack.Progress] 12% building 18/19 modules 1 active /Users/camila_niero_costa_coder/Desktop/design-system-sample-app/node_modules/@storybook/addon-docs/dist/frameworks/react/config.js
<s> [webpack.Progress] 12% building 18/20 modules 2 active /Users/camila_niero_costa_coder/Desktop/design-system-sample-app/node_modules/babel-loader/lib/index.js??ref--9-oneOf-2!/Users/camila_niero_costa_coder/Desktop/design-system-sample-app/.storybook/storybook-init-framework-entry.js
<s> [webpack.Progress] 12% building 18/21 modules 3 active /Users/camila_niero_costa_coder/Desktop/design-system-sample-app/node_modules/babel-loader/lib/index.js??ref--9-oneOf-2!/Users/camila_niero_costa_coder/Desktop/design-system-sample-app/.storybook/preview.js-generated-config-entry.js
<s> [webpack.Progress] 12% building 18/22 modules 4 active /Users/camila_niero_costa_coder/Desktop/design-system-sample-app/node_modules/babel-loader/lib/index.js??ref--9-oneOf-2!/Users/camila_niero_costa_coder/Desktop/design-system-sample-app/.storybook/generated-stories-entry.js
<s> [webpack.Progress] 12% building 19/22 modules 3 active /Users/camila_niero_costa_coder/Desktop/design-system-sample-app/node_modules/babel-loader/lib/index.js??ref--9-oneOf-2!/Users/camila_niero_costa_coder/Desktop/design-system-sample-app/.storybook/generated-stories-entry.js
<s> [webpack.Progress] 12% building 20/22 modules 2 active /Users/camila_niero_costa_coder/Desktop/design-system-sample-app/node_modules/babel-loader/lib/index.js??ref--9-oneOf-2!/Users/camila_niero_costa_coder/Desktop/design-system-sample-app/.storybook/generated-stories-entry.js
<s> [webpack.Progress] 12% building 21/22 modules 1 active /Users/camila_niero_costa_coder/Desktop/design-system-sample-app/node_modules/babel-loader/lib/index.js??ref--9-oneOf-2!/Users/camila_niero_costa_coder/Desktop/design-system-sample-app/.storybook/generated-stories-entry.js
<s> [webpack.Progress] 12% building 22/22 modules 0 active 
<s> [webpack.Progress] 12% building 22/23 modules 1 active /Users/camila_niero_costa_coder/Desktop/design-system-sample-app/src sync /^\.(?:(?:^|\/|(?:(?:(?!(?:^|\/)\.).)*?)\/)(?!\.)(?=.)[^/]*?\.stories\.mdx)$/
<s> [webpack.Progress] 12% building 22/24 modules 2 active /Users/camila_niero_costa_coder/Desktop/design-system-sample-app/src sync /^\.(?:(?:^|\/|(?:(?:(?!(?:^|\/)\.).)*?)\/)(?!\.)(?=.)[^/]*?\.stories\.(js|jsx|ts|tsx))$/
<s> [webpack.Progress] 12% building 22/25 modules 3 active /Users/camila_niero_costa_coder/Desktop/design-system-sample-app/node_modules/babel-loader/lib/index.js??ref--9-oneOf-2!/Users/camila_niero_costa_coder/Desktop/design-system-sample-app/.storybook/preview.js
<s> [webpack.Progress] 12% building 22/26 modules 4 active /Users/camila_niero_costa_coder/Desktop/design-system-sample-app/node_modules/webpack/buildin/module.js
<s> [webpack.Progress] 12% building 22/27 modules 5 active /Users/camila_niero_costa_coder/Desktop/design-system-sample-app/node_modules/@storybook/addon-a11y/dist/constants.js
<s> [webpack.Progress] 12% building 22/28 modules 6 active /Users/camila_niero_costa_coder/Desktop/design-system-sample-app/node_modules/@storybook/addon-a11y/dist/highlight.js
<s> [webpack.Progress] 12% building 22/29 modules 7 active /Users/camila_niero_costa_coder/Desktop/design-system-sample-app/node_modules/@storybook/addon-actions/dist/index.js
<s> [webpack.Progress] 12% building 22/30 modules 8 active /Users/camila_niero_costa_coder/Desktop/design-system-sample-app/node_modules/@storybook/addon-links/dist/index.js
<s> [webpack.Progress] 12% building 22/31 modules 9 active /Users/camila_niero_costa_coder/Desktop/design-system-sample-app/node_modules/@storybook/addon-docs/dist/frameworks/common/enhanceArgTypes.js
<s> [webpack.Progress] 12% building 22/32 modules 10 active /Users/camila_niero_costa_coder/Desktop/design-system-sample-app/node_modules/@storybook/addon-docs/dist/frameworks/react/extractArgTypes.js
<s> [webpack.Progress] 12% building 22/33 modules 11 active /Users/camila_niero_costa_coder/Desktop/design-system-sample-app/node_modules/@storybook/addon-docs/dist/frameworks/react/jsxDecorator.js
<s> [webpack.Progress] 12% building 23/33 modules 10 active /Users/camila_niero_costa_coder/Desktop/design-system-sample-app/node_modules/@storybook/addon-docs/dist/frameworks/react/jsxDecorator.js
<s> [webpack.Progress] 12% building 24/33 modules 9 active /Users/camila_niero_costa_coder/Desktop/design-system-sample-app/node_modules/@storybook/addon-docs/dist/frameworks/react/jsxDecorator.js
<s> [webpack.Progress] 13% building 25/33 modules 8 active /Users/camila_niero_costa_coder/Desktop/design-system-sample-app/node_modules/@storybook/addon-docs/dist/frameworks/react/jsxDecorator.js
<s> [webpack.Progress] 13% building 26/33 modules 7 active /Users/camila_niero_costa_coder/Desktop/design-system-sample-app/node_modules/@storybook/addon-docs/dist/frameworks/react/jsxDecorator.js
<s> [webpack.Progress] 13% building 27/33 modules 6 active /Users/camila_niero_costa_coder/Desktop/design-system-sample-app/node_modules/@storybook/addon-docs/dist/frameworks/react/jsxDecorator.js
<s> [webpack.Progress] 13% building 28/33 modules 5 active /Users/camila_niero_costa_coder/Desktop/design-system-sample-app/node_modules/@storybook/addon-docs/dist/frameworks/react/jsxDecorator.js
<s> [webpack.Progress] 13% building 29/33 modules 4 active /Users/camila_niero_costa_coder/Desktop/design-system-sample-app/node_modules/@storybook/addon-docs/dist/frameworks/react/jsxDecorator.js
<s> [webpack.Progress] 13% building 30/33 modules 3 active /Users/camila_niero_costa_coder/Desktop/design-system-sample-app/node_modules/@storybook/addon-docs/dist/frameworks/react/jsxDecorator.js
<s> [webpack.Progress] 13% building 31/33 modules 2 active /Users/camila_niero_costa_coder/Desktop/design-system-sample-app/node_modules/@storybook/addon-docs/dist/frameworks/react/jsxDecorator.js
<s> [webpack.Progress] 13% building 31/34 modules 3 active /Users/camila_niero_costa_coder/Desktop/design-system-sample-app/node_modules/regenerator-runtime/runtime.js
<s> [webpack.Progress] 13% building 32/34 modules 2 active /Users/camila_niero_costa_coder/Desktop/design-system-sample-app/node_modules/regenerator-runtime/runtime.js
<s> [webpack.Progress] 13% building 33/34 modules 1 active /Users/camila_niero_costa_coder/Desktop/design-system-sample-app/node_modules/regenerator-runtime/runtime.js
<s> [webpack.Progress] 13% building 33/35 modules 2 active /Users/camila_niero_costa_coder/Desktop/design-system-sample-app/node_modules/core-js/modules/es.array.join.js
<s> [webpack.Progress] 13% building 33/36 modules 3 active /Users/camila_niero_costa_coder/Desktop/design-system-sample-app/node_modules/core-js/modules/es.array.concat.js
<s> [webpack.Progress] 13% building 33/37 modules 4 active /Users/camila_niero_costa_coder/Desktop/design-system-sample-app/node_modules/core-js/modules/es.array.map.js
<s> [webpack.Progress] 13% building 33/38 modules 5 active /Users/camila_niero_costa_coder/Desktop/design-system-sample-app/node_modules/core-js/modules/es.object.to-string.js
<s> [webpack.Progress] 13% building 33/39 modules 6 active /Users/camila_niero_costa_coder/Desktop/design-system-sample-app/node_modules/core-js/modules/es.promise.js
<s> [webpack.Progress] 13% building 33/40 modules 7 active /Users/camila_niero_costa_coder/Desktop/design-system-sample-app/node_modules/@storybook/client-api/dist/index.js
<s> [webpack.Progress] 13% building 33/41 modules 8 active /Users/camila_niero_costa_coder/Desktop/design-system-sample-app/node_modules/@storybook/client-logger/dist/index.js
<s> [webpack.Progress] 14% building 34/41 modules 7 active /Users/camila_niero_costa_coder/Desktop/design-system-sample-app/node_modules/@storybook/client-logger/dist/index.js
<s> [webpack.Progress] 14% building 34/42 modules 8 active /Users/camila_niero_costa_coder/Desktop/design-system-sample-app/node_modules/core-js/modules/es.object.assign.js
<s> [webpack.Progress] 14% building 34/43 modules 9 active /Users/camila_niero_costa_coder/Desktop/design-system-sample-app/node_modules/core-js/modules/es.regexp.constructor.js
<s> [webpack.Progress] 14% building 34/44 modules 10 active /Users/camila_niero_costa_coder/Desktop/design-system-sample-app/node_modules/core-js/modules/es.regexp.exec.js
<s> [webpack.Progress] 14% building 34/45 modules 11 active /Users/camila_niero_costa_coder/Desktop/design-system-sample-app/node_modules/core-js/modules/es.regexp.to-string.js
<s> [webpack.Progress] 14% building 34/46 modules 12 active /Users/camila_niero_costa_coder/Desktop/design-system-sample-app/node_modules/lodash/mapValues.js
<s> [webpack.Progress] 14% building 35/46 modules 11 active /Users/camila_niero_costa_coder/Desktop/design-system-sample-app/node_modules/lodash/mapValues.js
<s> [webpack.Progress] 14% building 36/46 modules 10 active /Users/camila_niero_costa_coder/Desktop/design-system-sample-app/node_modules/lodash/mapValues.js
<s> [webpack.Progress] 14% building 37/46 modules 9 active /Users/camila_niero_costa_coder/Desktop/design-system-sample-app/node_modules/lodash/mapValues.js
<s> [webpack.Progress] 14% building 38/46 modules 8 active /Users/camila_niero_costa_coder/Desktop/design-system-sample-app/node_modules/lodash/mapValues.js
<s> [webpack.Progress] 14% building 39/46 modules 7 active /Users/camila_niero_costa_coder/Desktop/design-system-sample-app/node_modules/lodash/mapValues.js
<s> [webpack.Progress] 14% building 40/46 modules 6 active /Users/camila_niero_costa_coder/Desktop/design-system-sample-app/node_modules/lodash/mapValues.js
<s> [webpack.Progress] 14% building 41/46 modules 5 active /Users/camila_niero_costa_coder/Desktop/design-system-sample-app/node_modules/lodash/mapValues.js
<s> [webpack.Progress] 14% building 41/47 modules 6 active /Users/camila_niero_costa_coder/Desktop/design-system-sample-app/node_modules/airbnb-js-shims/index.js
<s> [webpack.Progress] 14% building 41/48 modules 7 active /Users/camila_niero_costa_coder/Desktop/design-system-sample-app/node_modules/global/window.js
<s> [webpack.Progress] 14% building 41/49 modules 8 active /Users/camila_niero_costa_coder/Desktop/design-system-sample-app/node_modules/axe-core/axe.js
<s> [webpack.Progress] 15% building 42/49 modules 7 active /Users/camila_niero_costa_coder/Desktop/design-system-sample-app/node_modules/axe-core/axe.js
<s> [webpack.Progress] 15% building 43/49 modules 6 active /Users/camila_niero_costa_coder/Desktop/design-system-sample-app/node_modules/axe-core/axe.js
<s> [webpack.Progress] 15% building 44/49 modules 5 active /Users/camila_niero_costa_coder/Desktop/design-system-sample-app/node_modules/axe-core/axe.js
<s> [webpack.Progress] 15% building 45/49 modules 4 active /Users/camila_niero_costa_coder/Desktop/design-system-sample-app/node_modules/axe-core/axe.js
<s> [webpack.Progress] 15% building 46/49 modules 3 active /Users/camila_niero_costa_coder/Desktop/design-system-sample-app/node_modules/axe-core/axe.js
<s> [webpack.Progress] 15% building 46/50 modules 4 active /Users/camila_niero_costa_coder/Desktop/design-system-sample-app/node_modules/@storybook/core-events/dist/index.js
<s> [webpack.Progress] 15% building 46/51 modules 5 active /Users/camila_niero_costa_coder/Desktop/design-system-sample-app/node_modules/@storybook/addons/dist/public_api.js
<s> [webpack.Progress] 15% building 46/52 modules 6 active /Users/camila_niero_costa_coder/Desktop/design-system-sample-app/node_modules/@storybook/addon-actions/dist/constants.js
<s> [webpack.Progress] 15% building 46/53 modules 7 active /Users/camila_niero_costa_coder/Desktop/design-system-sample-app/node_modules/core-js/modules/es.object.freeze.js
<s> [webpack.Progress] 15% building 46/54 modules 8 active /Users/camila_niero_costa_coder/Desktop/design-system-sample-app/node_modules/@storybook/addon-links/dist/preview.js
<s> [webpack.Progress] 15% building 46/55 modules 9 active /Users/camila_niero_costa_coder/Desktop/design-system-sample-app/node_modules/core-js/modules/es.object.define-properties.js
<s> [webpack.Progress] 15% building 46/56 modules 10 active /Users/camila_niero_costa_coder/Desktop/design-system-sample-app/node_modules/core-js/modules/es.array.slice.js
<s> [webpack.Progress] 15% building 46/57 modules 11 active /Users/camila_niero_costa_coder/Desktop/design-system-sample-app/node_modules/@storybook/addon-docs/dist/frameworks/common/normalizeArgTypes.js
<s> [webpack.Progress] 15% building 46/58 modules 12 active /Users/camila_niero_costa_coder/Desktop/design-system-sample-app/node_modules/@storybook/addon-docs/dist/frameworks/react/extractProps.js
<s> [webpack.Progress] 15% building 46/59 modules 13 active /Users/camila_niero_costa_coder/Desktop/design-system-sample-app/node_modules/@storybook/addon-docs/dist/shared.js
<s> [webpack.Progress] 15% building 47/59 modules 12 active /Users/camila_niero_costa_coder/Desktop/design-system-sample-app/node_modules/@storybook/addon-docs/dist/shared.js
<s> [webpack.Progress] 15% building 47/60 modules 13 active /Users/camila_niero_costa_coder/Desktop/design-system-sample-app/node_modules/core-js/modules/es.string.replace.js
<s> [webpack.Progress] 15% building 48/60 modules 12 active /Users/camila_niero_costa_coder/Desktop/design-system-sample-app/node_modules/core-js/modules/es.string.replace.js
<s> [webpack.Progress] 15% building 49/60 modules 11 active /Users/camila_niero_costa_coder/Desktop/design-system-sample-app/node_modules/core-js/modules/es.string.replace.js
<s> [webpack.Progress] 15% building 49/61 modules 12 active /Users/camila_niero_costa_coder/Desktop/design-system-sample-app/node_modules/@storybook/addon-docs/dist/blocks/index.js
<s> [webpack.Progress] 16% building 50/61 modules 11 active /Users/camila_niero_costa_coder/Desktop/design-system-sample-app/node_modules/@storybook/addon-docs/dist/blocks/index.js
<s> [webpack.Progress] 16% building 51/61 modules 10 active /Users/camila_niero_costa_coder/Desktop/design-system-sample-app/node_modules/@storybook/addon-docs/dist/blocks/index.js
<s> [webpack.Progress] 16% building 52/61 modules 9 active /Users/camila_niero_costa_coder/Desktop/design-system-sample-app/node_modules/@storybook/addon-docs/dist/blocks/index.js
<s> [webpack.Progress] 16% building 53/61 modules 8 active /Users/camila_niero_costa_coder/Desktop/design-system-sample-app/node_modules/@storybook/addon-docs/dist/blocks/index.js
<s> [webpack.Progress] 16% building 54/61 modules 7 active /Users/camila_niero_costa_coder/Desktop/design-system-sample-app/node_modules/@storybook/addon-docs/dist/blocks/index.js
<s> [webpack.Progress] 16% building 55/61 modules 6 active /Users/camila_niero_costa_coder/Desktop/design-system-sample-app/node_modules/@storybook/addon-docs/dist/blocks/index.js
<s> [webpack.Progress] 16% building 56/61 modules 5 active /Users/camila_niero_costa_coder/Desktop/design-system-sample-app/node_modules/@storybook/addon-docs/dist/blocks/index.js
<s> [webpack.Progress] 16% building 56/62 modules 6 active /Users/camila_niero_costa_coder/Desktop/design-system-sample-app/node_modules/core-js/modules/es.symbol.js
<s> [webpack.Progress] 16% building 57/62 modules 5 active /Users/camila_niero_costa_coder/Desktop/design-system-sample-app/node_modules/core-js/modules/es.symbol.js
<s> [webpack.Progress] 16% building 57/63 modules 6 active /Users/camila_niero_costa_coder/Desktop/design-system-sample-app/node_modules/webpack/buildin/global.js
<s> [webpack.Progress] 16% building 58/63 modules 5 active /Users/camila_niero_costa_coder/Desktop/design-system-sample-app/node_modules/webpack/buildin/global.js
<s> [webpack.Progress] 17% building 59/63 modules 4 active /Users/camila_niero_costa_coder/Desktop/design-system-sample-app/node_modules/webpack/buildin/global.js
<s> [webpack.Progress] 17% building 60/63 modules 3 active /Users/camila_niero_costa_coder/Desktop/design-system-sample-app/node_modules/webpack/buildin/global.js
<s> [webpack.Progress] 17% building 60/64 modules 4 active /Users/camila_niero_costa_coder/Desktop/design-system-sample-app/node_modules/babel-loader/lib/index.js??ref--5-0!/Users/camila_niero_costa_coder/Desktop/design-system-sample-app/node_modules/@mdx-js/loader/index.js??ref--5-1!/Users/camila_niero_costa_coder/Desktop/design-system-sample-app/src/stories/Introduction.stories.mdx
<s> [webpack.Progress] 17% building 60/65 modules 5 active /Users/camila_niero_costa_coder/Desktop/design-system-sample-app/node_modules/@storybook/addon-docs/dist/lib/docgen/index.js
<s> [webpack.Progress] 17% building 60/66 modules 6 active /Users/camila_niero_costa_coder/Desktop/design-system-sample-app/node_modules/@storybook/react/dist/client/index.js
<s> [webpack.Progress] 17% building 60/67 modules 7 active /Users/camila_niero_costa_coder/Desktop/design-system-sample-app/node_modules/babel-loader/lib/index.js??ref--9-oneOf-2!/Users/camila_niero_costa_coder/Desktop/design-system-sample-app/node_modules/@storybook/source-loader/dist/index.js??ref--7!/Users/camila_niero_costa_coder/Desktop/design-system-sample-app/node_modules/@storybook/source-loader/dist/index.js!/Users/camila_niero_costa_coder/Desktop/design-system-sample-app/src/Button.stories.js
<s> [webpack.Progress] 17% building 61/67 modules 6 active /Users/camila_niero_costa_coder/Desktop/design-system-sample-app/node_modules/babel-loader/lib/index.js??ref--9-oneOf-2!/Users/camila_niero_costa_coder/Desktop/design-system-sample-app/node_modules/@storybook/source-loader/dist/index.js??ref--7!/Users/camila_niero_costa_coder/Desktop/design-system-sample-app/node_modules/@storybook/source-loader/dist/index.js!/Users/camila_niero_costa_coder/Desktop/design-system-sample-app/src/Button.stories.js
<s> [webpack.Progress] 17% building 61/68 modules 7 active /Users/camila_niero_costa_coder/Desktop/design-system-sample-app/node_modules/@storybook/client-api/dist/client_api.js
<s> [webpack.Progress] 17% building 62/68 modules 6 active /Users/camila_niero_costa_coder/Desktop/design-system-sample-app/node_modules/@storybook/client-api/dist/client_api.js
<s> [webpack.Progress] 17% building 62/69 modules 7 active /Users/camila_niero_costa_coder/Desktop/design-system-sample-app/node_modules/core-js/internals/export.js
<s> [webpack.Progress] 17% building 62/70 modules 8 active /Users/camila_niero_costa_coder/Desktop/design-system-sample-app/node_modules/core-js/internals/indexed-object.js
<s> [webpack.Progress] 17% building 62/71 modules 9 active /Users/camila_niero_costa_coder/Desktop/design-system-sample-app/node_modules/core-js/internals/to-indexed-object.js
<s> [webpack.Progress] 17% building 62/72 modules 10 active /Users/camila_niero_costa_coder/Desktop/design-system-sample-app/node_modules/core-js/internals/fails.js
<s> [webpack.Progress] 17% building 62/73 modules 11 active /Users/camila_niero_costa_coder/Desktop/design-system-sample-app/node_modules/core-js/internals/array-method-is-strict.js
<s> [webpack.Progress] 17% building 62/74 modules 12 active /Users/camila_niero_costa_coder/Desktop/design-system-sample-app/node_modules/core-js/internals/is-array.js
<s> [webpack.Progress] 17% building 62/75 modules 13 active /Users/camila_niero_costa_coder/Desktop/design-system-sample-app/node_modules/core-js/internals/is-object.js
<s> [webpack.Progress] 17% building 62/76 modules 14 active /Users/camila_niero_costa_coder/Desktop/design-system-sample-app/node_modules/core-js/internals/to-length.js
<s> [webpack.Progress] 17% building 62/77 modules 15 active /Users/camila_niero_costa_coder/Desktop/design-system-sample-app/node_modules/core-js/internals/to-object.js
<s> [webpack.Progress] 17% building 62/78 modules 16 active /Users/camila_niero_costa_coder/Desktop/design-system-sample-app/node_modules/core-js/internals/array-species-create.js
<s> [webpack.Progress] 17% building 62/79 modules 17 active /Users/camila_niero_costa_coder/Desktop/design-system-sample-app/node_modules/core-js/internals/create-property.js
<s> [webpack.Progress] 17% building 62/80 modules 18 active /Users/camila_niero_costa_coder/Desktop/design-system-sample-app/node_modules/core-js/internals/engine-v8-version.js
<s> [webpack.Progress] 17% building 62/81 modules 19 active /Users/camila_niero_costa_coder/Desktop/design-system-sample-app/node_modules/core-js/internals/redefine.js
<s> [webpack.Progress] 17% building 62/82 modules 20 active /Users/camila_niero_costa_coder/Desktop/design-system-sample-app/node_modules/core-js/internals/object-to-string.js
<s> [webpack.Progress] 17% building 62/83 modules 21 active /Users/camila_niero_costa_coder/Desktop/design-system-sample-app/node_modules/core-js/internals/array-method-has-species-support.js
<s> [webpack.Progress] 17% building 62/84 modules 22 active /Users/camila_niero_costa_coder/Desktop/design-system-sample-app/node_modules/core-js/internals/well-known-symbol.js
<s> [webpack.Progress] 17% building 62/85 modules 23 active /Users/camila_niero_costa_coder/Desktop/design-system-sample-app/node_modules/core-js/internals/to-string-tag-support.js
<s> [webpack.Progress] 17% building 62/86 modules 24 active /Users/camila_niero_costa_coder/Desktop/design-system-sample-app/node_modules/core-js/internals/array-iteration.js
<s> [webpack.Progress] 17% building 62/87 modules 25 active /Users/camila_niero_costa_coder/Desktop/design-system-sample-app/node_modules/core-js/internals/array-method-uses-to-length.js
<s> [webpack.Progress] 17% building 62/88 modules 26 active /Users/camila_niero_costa_coder/Desktop/design-system-sample-app/node_modules/core-js/internals/global.js
<s> [webpack.Progress] 17% building 62/89 modules 27 active /Users/camila_niero_costa_coder/Desktop/design-system-sample-app/node_modules/core-js/internals/is-pure.js
<s> [webpack.Progress] 17% building 62/90 modules 28 active /Users/camila_niero_costa_coder/Desktop/design-system-sample-app/node_modules/core-js/internals/get-built-in.js
<s> [webpack.Progress] 17% building 62/91 modules 29 active /Users/camila_niero_costa_coder/Desktop/design-system-sample-app/node_modules/core-js/internals/native-promise-constructor.js
<s> [webpack.Progress] 17% building 62/92 modules 30 active /Users/camila_niero_costa_coder/Desktop/design-system-sample-app/node_modules/core-js/internals/redefine-all.js
<s> [webpack.Progress] 17% building 62/93 modules 31 active /Users/camila_niero_costa_coder/Desktop/design-system-sample-app/node_modules/core-js/internals/set-to-string-tag.js
<s> [webpack.Progress] 17% building 62/94 modules 32 active /Users/camila_niero_costa_coder/Desktop/design-system-sample-app/node_modules/core-js/internals/set-species.js
<s> [webpack.Progress] 17% building 62/95 modules 33 active /Users/camila_niero_costa_coder/Desktop/design-system-sample-app/node_modules/core-js/internals/a-function.js
<s> [webpack.Progress] 17% building 62/96 modules 34 active /Users/camila_niero_costa_coder/Desktop/design-system-sample-app/node_modules/core-js/internals/an-instance.js
<s> [webpack.Progress] 17% building 62/97 modules 35 active /Users/camila_niero_costa_coder/Desktop/design-system-sample-app/node_modules/core-js/internals/inspect-source.js
<s> [webpack.Progress] 17% building 62/98 modules 36 active /Users/camila_niero_costa_coder/Desktop/design-system-sample-app/node_modules/core-js/internals/check-correctness-of-iteration.js
<s> [webpack.Progress] 17% building 62/99 modules 37 active /Users/camila_niero_costa_coder/Desktop/design-system-sample-app/node_modules/core-js/internals/iterate.js
<s> [webpack.Progress] 17% building 62/100 modules 38 active /Users/camila_niero_costa_coder/Desktop/design-system-sample-app/node_modules/core-js/internals/task.js
<s> [webpack.Progress] 17% building 62/101 modules 39 active /Users/camila_niero_costa_coder/Desktop/design-system-sample-app/node_modules/core-js/internals/species-constructor.js
<s> [webpack.Progress] 17% building 62/102 modules 40 active /Users/camila_niero_costa_coder/Desktop/design-system-sample-app/node_modules/core-js/internals/microtask.js
<s> [webpack.Progress] 17% building 62/103 modules 41 active /Users/camila_niero_costa_coder/Desktop/design-system-sample-app/node_modules/core-js/internals/promise-resolve.js
<s> [webpack.Progress] 17% building 62/104 modules 42 active /Users/camila_niero_costa_coder/Desktop/design-system-sample-app/node_modules/core-js/internals/host-report-errors.js
<s> [webpack.Progress] 17% building 62/105 modules 43 active /Users/camila_niero_costa_coder/Desktop/design-system-sample-app/node_modules/core-js/internals/perform.js
<s> [webpack.Progress] 17% building 62/106 modules 44 active /Users/camila_niero_costa_coder/Desktop/design-system-sample-app/node_modules/core-js/internals/new-promise-capability.js
<s> [webpack.Progress] 17% building 62/107 modules 45 active /Users/camila_niero_costa_coder/Desktop/design-system-sample-app/node_modules/core-js/internals/internal-state.js
<s> [webpack.Progress] 17% building 62/108 modules 46 active /Users/camila_niero_costa_coder/Desktop/design-system-sample-app/node_modules/core-js/features/symbol/index.js
<s> [webpack.Progress] 17% building 63/108 modules 45 active /Users/camila_niero_costa_coder/Desktop/design-system-sample-app/node_modules/core-js/features/symbol/index.js
<s> [webpack.Progress] 17% building 63/109 modules 46 active /Users/camila_niero_costa_coder/Desktop/design-system-sample-app/node_modules/@storybook/client-api/dist/inferControls.js
<s> [webpack.Progress] 17% building 63/110 modules 47 active /Users/camila_niero_costa_coder/Desktop/design-system-sample-app/node_modules/@storybook/client-api/dist/types.js
<s> [webpack.Progress] 17% building 63/111 modules 48 active /Users/camila_niero_costa_coder/Desktop/design-system-sample-app/node_modules/core-js/internals/descriptors.js
<s> [webpack.Progress] 17% building 63/112 modules 49 active /Users/camila_niero_costa_coder/Desktop/design-system-sample-app/node_modules/core-js/modules/es.function.name.js
<s> [webpack.Progress] 17% building 63/113 modules 50 active /Users/camila_niero_costa_coder/Desktop/design-system-sample-app/node_modules/lodash/_baseAssignValue.js
<s> [webpack.Progress] 17% building 63/114 modules 51 active /Users/camila_niero_costa_coder/Desktop/design-system-sample-app/node_modules/core-js/modules/es.array.reduce.js
<s> [webpack.Progress] 17% building 63/115 modules 52 active /Users/camila_niero_costa_coder/Desktop/design-system-sample-app/node_modules/core-js/modules/es.array.for-each.js
<s> [webpack.Progress] 17% building 63/116 modules 53 active /Users/camila_niero_costa_coder/Desktop/design-system-sample-app/node_modules/core-js/modules/es.symbol.description.js
<s> [webpack.Progress] 17% building 63/117 modules 54 active /Users/camila_niero_costa_coder/Desktop/design-system-sample-app/node_modules/core-js/modules/es.date.to-string.js
<s> [webpack.Progress] 17% building 63/118 modules 55 active /Users/camila_niero_costa_coder/Desktop/design-system-sample-app/node_modules/core-js/modules/es.string.match.js
<s> [webpack.Progress] 17% building 63/119 modules 56 active /Users/camila_niero_costa_coder/Desktop/design-system-sample-app/node_modules/core-js/modules/web.dom-collections.for-each.js
